/docs/OnLine_20190901.md
/MyDocs/feel-book/%E5%B8%88%E5%82%85%E9%97%AE%E6%88%91%EF%BC%8C%E8%BF%99%E4%B9%88%E5%A4%A7%E9%9B%AA%E5%9C%A8%E5%A4%96%E9%9D%A2%E7%9C%8B%E5%95%A5%EF%BC%9F_20171225.md
/MyDocs/food-book/%E7%82%B8%E9%B8%A1%E8%85%BF_20180513.md
/MyDocs/food-book/step2.jpg
/MyDocs/food-book/step1.jpg
/MyDocs/food-book/step3.jpg
/MyDocs/food-book/step4.jpg
/MyDocs/food-book/step5.jpg
/MyDocs/food-book/step6.jpg
/MyDocs/food-book/%E7%82%B8%E9%B8%A1%E8%85%BF_20180513.md
/MyDocs/food-book/step1.jpg
/MyDocs/food-book/step2.jpg
/MyDocs/food-book/step3.jpg
/MyDocs/food-book/step4.jpg
/MyDocs/food-book/step5.jpg
/MyDocs/food-book/step6.jpg
/MyDocs/OnLine_20190901.md
/MyDocs/blog-category/Git%E5%9F%BA%E6%9C%AC%E4%BD%BF%E7%94%A8_20160830.md
/MyDocs/blog-category/Markdown/Markdown-index_20170303.md
/MyDocs/blog-category/Markdown/FlowChart.md
/MyDocs/drafts/cs-category/learn/Learn-flow.md
/MyDocs/story-book/%E5%B9%B4%E5%85%BD%E4%BC%A0%E8%AF%B4_20160606.md
/MyDocs/language/c/c-index.md
/MyDocs/language/c/api.md
/MyDocs/language/cpp/cpp-index.md
/MyDocs/language/c/c-index.md
/MyDocs/language/c/api.md
/MyDocs/language/c/c-index.md
/MyDocs/language/c/api.md
/MyDocs/language/c/api.md
/MyDocs/language/c/api.md
/MyDocs/language/c/api.md
/MyDocs/language/c/c-index.md
/MyDocs/language/c/api.md
/MyDocs/OnLine_20190901.md
/MyDocs/blog-category/Markdown/Markdown-index_20170303.md
/MyDocs/blog-category/Git%E5%9F%BA%E6%9C%AC%E4%BD%BF%E7%94%A8_20160830.md
/MyDocs/language/c/c-index.md
/MyDocs/language/c/api.md
/MyDocs/language/c/c-index.md
/MyDocs/%E5%88%80%E7%BB%85%E7%BA%AA/1%20-%20%E5%88%9D%E5%85%A5_20190901.md
/MyDocs/%E5%88%80%E7%BB%85%E7%BA%AA/1%20-%20%E5%88%9D%E5%85%A5_20190901.md
/MyDocs/cs-book/Code/code-index_20191004.md
/MyDocs/cs-book/%E9%B8%9F%E5%93%A5%E7%A7%81%E6%88%BF%E8%8F%9C/bird-private-dish-index_20191208.md
/MyDocs/cs-book/design-patterns/design-patterns-index_20200214.md
/MyDocs/cs-book/design-patterns/base-user/base-use-index.md
/MyDocs/cs-book/design-patterns/base-concept/base-concept-index.md
/MyDocs/cs-book/design-patterns/principle.md
/MyDocs/cs-book/design-patterns/OMT.md
/MyDocs/cs-book/design-patterns/relations.md
/MyDocs/cs-book/design-patterns/image-20200130103656661.png
/MyDocs/cs-book/%E9%B8%9F%E5%93%A5%E7%A7%81%E6%88%BF%E8%8F%9C/bird-private-dish-index_20191208.md
/MyDocs/cs-book/%E9%B8%9F%E5%93%A5%E7%A7%81%E6%88%BF%E8%8F%9C/bash_20200117.md
/MyDocs/cs-book/%E9%B8%9F%E5%93%A5%E7%A7%81%E6%88%BF%E8%8F%9C/image-20200126103628661.png
/MyDocs/cs-book/design-patterns/design-patterns-index_20200214.md
/MyDocs/cs-book/design-patterns/base-use/base-use-index.md
/MyDocs/cs-book/design-patterns/%E5%B8%B8%E8%A7%81%E7%9A%84%E8%AE%BE%E8%AE%A1%E5%9C%BA%E6%99%AF%E6%8C%87%E5%AF%BC.md
/MyDocs/blog-category/Regular-expression-20200120.md
/MyDocs/blog-category/Markdown/Markdown-index_20170303.md
/MyDocs/blog-category/Git%E5%9F%BA%E6%9C%AC%E4%BD%BF%E7%94%A8_20160830.md
/MyDocs/OnLine_20190901.md
/MyDocs/drafts/cs-category/learn/Learn-flow.md
/MyDocs/OnLine_20190901.md
/MyDocs/OnLine_20190901.md
/MyDocs/OnLine_20190901.md
/MyDocs/OnLine_20190901.md
/MyDocs/OnLine_20190901.md
/MyDocs/OnLine_20190901.md
/MyDocs/OnLine_20190901.md
http://localhost:8080/MyDocs/OnLine_20190901.md
/MyDocs/OnLine_20190901.md
/MyDocs/OnLine_20190901.md
/MyDocs/OnLine_20190901.md
/MyDocs/drafts/cs-category/learn/Learn-flow.md
/MyDocs/blog-category/Git%E5%9F%BA%E6%9C%AC%E4%BD%BF%E7%94%A8_20160830.md
/MyDocs/OnLine_20190901.md
/MyDocs/OnLine_20190901.md
/MyDocs/OnLine_20190901.md
/MyDocs/OnLine_20190901.md
/MyDocs/OnLine_20190901.md
/MyDocs/OnLine_20190901.md
/MyDocs/cs-book/Code/code-index_20191004.md
/MyDocs/language/java/java-index.md
/MyDocs/language/java/ddd.png
/MyDocs/language/java/java-index.md
/MyDocs/language/java/ddd.png
/MyDocs/OnLine_20190901.md
/MyDocs/OnLine_20190901.md
/MyDocs/language/java/java-index.md
/MyDocs/OnLine_20190901.md
/MyDocs/OnLine_20190901.md
/MyDocs/OnLine_20190901.md
/MyDocs/OnLine_20190901.md
/MyDocs/OnLine_20190901.md
/MyDocs/OnLine_20190901.md
/MyDocs/language/java/java-index.md
/MyDocs/language/java/ddd.png
/MyDocs/language/java/general/style.md
/MyDocs/cs-book/Code/code-index_20191004.md
/MyDocs/cs-book/design-patterns/design-patterns-index_20200214.md
/MyDocs/cs-book/Code/code-index_20191004.md
/MyDocs/cs-book/design-patterns/design-patterns-index_20200214.md
/MyDocs/OnLine_20190901.md
/MyDocs/cs-book/design-patterns/design-patterns-index_20200214.md
/MyDocs/cs-book/design-patterns/design-patterns-index_20200214.md
/MyDocs/cs-book/design-patterns/design-patterns-index_20200214.md
/MyDocs/cs-book/design-patterns/design-patterns-index_20200214.md
/MyDocs/OnLine_20190901.md
/MyDocs/blog-category/Git%E5%9F%BA%E6%9C%AC%E4%BD%BF%E7%94%A8_20160830.md
/MyDocs/cs-book/design-patterns/design-patterns-index_20200214.md
/MyDocs/cs-book/design-patterns/design-patterns-index_20200214.md
/MyDocs/cs-book/Code/code-index_20191004.md
/MyDocs/cs-book/Code/code-index_20191004.md
/MyDocs/language/java/java-index.md
/MyDocs/cs-book/%E9%B8%9F%E5%93%A5%E7%A7%81%E6%88%BF%E8%8F%9C/bird-private-dish-index_20191208.md
/MyDocs/language/cpp/cpp-index.md
/MyDocs/language/java/java-index.md
/MyDocs/language/java/java-index.md
/MyDocs/language/java/java-index.md
/MyDocs/language/java/java-index.md
/MyDocs/language/general/general-index.md
/MyDocs/language/general/terms.md
/MyDocs/language/general/style.md
/MyDocs/language/java/java-index.md
/MyDocs/language/java/java-index.md
/MyDocs/language/java/java-index.md
/MyDocs/language/java/java-index.md
/MyDocs/food-book/%E7%82%B8%E9%B8%A1%E8%85%BF_20180513.md
/MyDocs/food-book/step1.jpg
/MyDocs/food-book/step2.jpg
/MyDocs/food-book/step4.jpg
/MyDocs/food-book/step3.jpg
/MyDocs/food-book/step5.jpg
/MyDocs/food-book/step6.jpg
/MyDocs/language/java/java-index.md
/MyDocs/language/language-index.md
/MyDocs/language/java/java-index.md
/MyDocs/language/java/java-index.md
/MyDocs/language/language-index.md
/MyDocs/language/c/c-index.md
/MyDocs/language/c/c-index.md
/MyDocs/language/java/java-index.md
/MyDocs/language/java/java-index.md
/MyDocs/language/java/java-index.md
/MyDocs/language/java/java-index.md
/MyDocs/language/java/java-index.md
/MyDocs/language/java/java-index.md
/MyDocs/language/java/java-index.md
/MyDocs/language/java/java-index.md
/MyDocs/language/java/java-index.md
/MyDocs/language/java/java-index.md
/MyDocs/language/java/java-index.md
/MyDocs/language/java/java-index.md
/MyDocs/language/java/java-index.md
/MyDocs/language/java/java-index.md
/MyDocs/language/java/java-index.md
/MyDocs/language/java/java-index.md
/MyDocs/language/cpp/cpp-index.md
/MyDocs/language/language-index.md
/MyDocs/language/java/java-index.md
/MyDocs/language/general/general-index.md
/MyDocs/language/c/c-index.md
/MyDocs/language/cpp/cpp-index.md
/MyDocs/language/java/java-index.md
/MyDocs/language/java/java-index.md
/MyDocs/language/java/java-index.md
/MyDocs/language/java/ddd.png
/MyDocs/language/java/java-index.md
/MyDocs/language/java/ddd.png
/MyDocs/language/java/java-index.md
/MyDocs/language/java/ddd.png
/MyDocs/cs-book/Code/code-index_20191004.md
/MyDocs/language/java/java-index.md
/MyDocs/language/java/ddd.png
/MyDocs/language/java/java-index.md
/MyDocs/language/java/ddd.png
/MyDocs/cs-book/Code/code-index_20191004.md
/MyDocs/cs-book/%E9%B8%9F%E5%93%A5%E7%A7%81%E6%88%BF%E8%8F%9C/bird-private-dish-index_20191208.md
/MyDocs/cs-book/design-patterns/design-patterns-index_20200214.md
/MyDocs/cs-book/%E9%B8%9F%E5%93%A5%E7%A7%81%E6%88%BF%E8%8F%9C/bird-private-dish-index_20191208.md
/MyDocs/language/java/java-index.md
/MyDocs/language/java/ddd.png
/MyDocs/language/language-index.md
/MyDocs/language/java/java-index.md
/MyDocs/language/java/ddd.png
/MyDocs/language/cpp/cpp-index.md
/MyDocs/cs-book/design-patterns/design-patterns-index_20200214.md
/MyDocs/OnLine_20190901.md
/MyDocs/language/java/multi-thread-index.md
/MyDocs/language/java/multi-thread-index.md
/MyDocs/language/java/java-index.md
/MyDocs/language/java/ddd.png
/MyDocs/language/java/question.md
/MyDocs/language/java/multi-thread.md
/MyDocs/language/java/exception.md
/MyDocs/language/java/secure.md
/MyDocs/language/java/api.md
/MyDocs/language/java/java-index.md
/MyDocs/language/java/ddd.png
/MyDocs/language/java/java-index.md
/MyDocs/language/java/ddd.png
/MyDocs/language/java/reflect.md
/MyDocs/language/java/secure.md
/MyDocs/language/java/io.md
/MyDocs/language/java/io-%E7%BB%93%E6%9E%84.png
/MyDocs/language/java/io2.png
/MyDocs/language/java/jar.md
/MyDocs/language/java/keyword.md
/MyDocs/language/java/debug/debug-index.md
/MyDocs/language/java/jvm/jvm-index.md
/MyDocs/language/java/jvm/class-load.md
/MyDocs/language/java/jvm/image-20200421201618725.png
/MyDocs/language/java/jni/jni-index.md
/MyDocs/language/java/jni/introduction.md
/MyDocs/language/java/question.md
/MyDocs/cs-book/design-patterns/design-patterns-index_20200214.md
/MyDocs/food-book/%E7%82%B8%E9%B8%A1%E8%85%BF_20180513.md
/MyDocs/food-book/step1.jpg
/MyDocs/food-book/step2.jpg
/MyDocs/food-book/step3.jpg
/MyDocs/food-book/step5.jpg
/MyDocs/food-book/step4.jpg
/MyDocs/food-book/step6.jpg
/MyDocs/OnLine_20190901.md
/MyDocs/blog-category/marked_20200522.md
/MyDocs/blog-category/image-20200522102036914.png
/MyDocs/blog-category/image-20200522111444296.png
http://localhost:8080/MyDocs/language/general/general-index.md
http://localhost:8080/MyDocs/cs-book/Code/code-index_20191004.md
/MyDocs/cs-book/android-yskfts/android-yskfts-index_20200107.md
/MyDocs/cs-book/android-yskfts/dynamic-load/dynamic-load-index.md
/MyDocs/cs-book/android-yskfts/optimize/optimize-index.md
/MyDocs/cs-book/android-yskfts/optimize/layout.md
/MyDocs/cs-book/android-yskfts/optimize/leak.md
/MyDocs/language/java/java-index.md
/MyDocs/language/java/ddd.png
/MyDocs/language/java/general/style.md
/MyDocs/language/java/java-index.md
/MyDocs/language/java/ddd.png
/MyDocs/language/java/type/type-index.md
/MyDocs/language/java/type/number.md
/MyDocs/language/java/type/class.md
/MyDocs/language/java/type/number.md
/MyDocs/language/java/type/number.md
/MyDocs/language/java/type/number.md
/MyDocs/language/java/type/class.md
/MyDocs/language/java/type/number.md
/MyDocs/language/java/type/number.md
/MyDocs/language/java/type/number.md
/MyDocs/language/java/type/class.md
/MyDocs/language/java/type/number.md
/MyDocs/language/java/type/number.md
/MyDocs/language/java/type/number.md
/MyDocs/language/java/type/number.md
/MyDocs/language/java/type/class.md
/MyDocs/language/java/type/inner-class.md
/MyDocs/language/java/type/inner1.png
/MyDocs/language/java/type/inner2.png
/MyDocs/language/java/type/inner5.png
/MyDocs/language/java/type/inner3.png
/MyDocs/language/java/type/inner6.png
/MyDocs/language/java/type/inner4.png
/MyDocs/language/java/type/string.md
/MyDocs/language/java/type/array.md
/MyDocs/language/java/type/collection.md
/MyDocs/language/java/type/generic.md
/MyDocs/language/java/type/class.md
/MyDocs/language/java/type/number.md
/MyDocs/language/java/type/inner-class.md
/MyDocs/language/java/type/inner1.png
/MyDocs/language/java/type/inner2.png
/MyDocs/language/java/type/inner5.png
/MyDocs/language/java/type/inner3.png
/MyDocs/language/java/type/inner6.png
/MyDocs/language/java/type/inner4.png
/MyDocs/language/java/type/string.md
/MyDocs/language/java/type/array.md
/MyDocs/language/java/type/type-index.md
/MyDocs/language/java/type/number.md
/MyDocs/language/java/type/number.md
/MyDocs/language/java/java-index.md
/MyDocs/language/java/ddd.png
/MyDocs/language/java/general/style.md
/MyDocs/language/java/type/type-index.md
/MyDocs/language/java/type/number.md
/MyDocs/language/java/general/style.md
/MyDocs/language/java/general/style.md
/MyDocs/language/java/general/style.md
/MyDocs/language/java/general/style.md
/MyDocs/language/general/general-index.md
/MyDocs/language/general/terms.md
/MyDocs/language/general/style.md
/MyDocs/language/java/java-index.md
/MyDocs/language/java/ddd.png
/MyDocs/language/java/general/style.md
/MyDocs/language/java/general/style.md
/MyDocs/language/java/java-index.md
/MyDocs/language/java/ddd.png
/MyDocs/language/java/general/style.md
/MyDocs/language/java/java-index.md
/MyDocs/language/java/ddd.png
/MyDocs/language/java/java-index.md
/MyDocs/language/java/ddd.png
/MyDocs/language/java/java-index.md
/MyDocs/language/java/ddd.png
/MyDocs/language/java/general/style.md
/MyDocs/language/java/java-index.md
/MyDocs/language/java/ddd.png
/MyDocs/language/java/java-index.md
/MyDocs/language/java/ddd.png
/MyDocs/language/java/general/style.md
/MyDocs/language/java/java-index.md
/MyDocs/language/java/ddd.png
/MyDocs/language/java/general/style.md
/MyDocs/language/java/java-index.md
/MyDocs/language/java/ddd.png
/MyDocs/language/java/java-index.md
/MyDocs/language/java/ddd.png
/MyDocs/language/java/java-index.md
/MyDocs/language/java/ddd.png
/MyDocs/language/java/java-index.md
/MyDocs/language/java/ddd.png
/MyDocs/language/java/java-index.md
/MyDocs/language/general/style.md
/MyDocs/language/java/type/type-index.md
/MyDocs/language/java/type/number.md
/MyDocs/language/java/type/number.md
/MyDocs/language/java/type/number.md
/MyDocs/language/java/tips.md
/MyDocs/language/general/style.md
/MyDocs/language/java/type/type-index.md
/MyDocs/language/java/type/class.md
/MyDocs/language/java/type/number.md
/MyDocs/language/java/type/number.md
/MyDocs/language/java/type/number.md
/MyDocs/language/java/type/number.md
/MyDocs/language/java/type/number.md
/MyDocs/language/java/java-index.md
/MyDocs/language/general/style.md
/MyDocs/language/java/type/type-index.md
/MyDocs/language/java/type/number.md
/MyDocs/language/java/java-index.md
/MyDocs/language/general/style.md
/MyDocs/language/java/type/type-index.md
/MyDocs/language/java/type/number.md
/MyDocs/language/java/type/number.md
/MyDocs/language/java/type/number.md
/MyDocs/language/java/type/number.md
/MyDocs/language/java/type/number.md
/MyDocs/language/java-index.md
/MyDocs/language/java/java-index.md
/MyDocs/language/general/style.md
/MyDocs/language/java/type/type-index.md
/MyDocs/language/java/type/number.md
/MyDocs/language/java/type/number.md
/MyDocs/language/java/type/number.md
/MyDocs/language/java/type/number.md
/MyDocs/language/java/type/number.md
/MyDocs/language/java/type/number.md
/MyDocs/language/java/type/number.md
/MyDocs/language/java/type/number.md
/MyDocs/language/java/java-index.md
/MyDocs/language/general/style.md
/MyDocs/language/java/type/type-index.md
/MyDocs/language/java/type/number.md
/MyDocs/language/java/type/number.md
/MyDocs/language/java/java-index.md
/MyDocs/language/java/type/type-index.md
/MyDocs/language/java/type/number.md
/MyDocs/language/java/java-index.md
/MyDocs/language/java/ddd.png
/MyDocs/language/general/style.md
/MyDocs/language/java/type/type-index.md
/MyDocs/language/java/type/number.md
/MyDocs/language/java/type/number1.png
/MyDocs/language/java/type/number2.png
/MyDocs/language/java/type/number3.png
/MyDocs/language/java/type/number4.png
/MyDocs/language/java/type/number5.png
/MyDocs/language/java/type/number6.png
/MyDocs/language/java/type/number7.jpg
/MyDocs/language/java/type/class.md
/MyDocs/language/java/type/inner-class.md
/MyDocs/language/java/type/inner1.png
/MyDocs/language/java/type/inner2.png
/MyDocs/language/java/type/inner5.png
/MyDocs/language/java/type/inner3.png
/MyDocs/language/java/type/inner6.png
/MyDocs/language/java/type/inner4.png
/MyDocs/language/java/type/string.md
/MyDocs/language/java/type/type-index.md
/MyDocs/language/java/type/inner-class.md
/MyDocs/language/java/type/inner1.png
/MyDocs/language/java/type/inner2.png
/MyDocs/language/java/type/inner5.png
/MyDocs/language/java/type/inner6.png
/MyDocs/language/java/type/inner3.png
/MyDocs/language/java/type/inner4.png
/MyDocs/language/java/type/string.md
/MyDocs/language/java/type/string1.png
/MyDocs/language/java/type/array.md
/MyDocs/language/java/type/collection.md
/MyDocs/language/java/type/collection.md
/MyDocs/language/java/type/collection-%E7%BB%93%E6%9E%84%E5%9B%BE.png
/MyDocs/language/java/type/iterator-%E6%8E%A5%E5%8F%A3.jpg
/MyDocs/language/java/type/%E6%97%A0%E5%BA%8F%E4%B8%8D%E5%8F%ABadd.jpg
/MyDocs/language/java/type/set-%E7%BB%93%E6%9E%84%E5%9B%BE.png
/MyDocs/language/java/type/map-%E7%BB%93%E6%9E%84%E5%9B%BE.png
/MyDocs/language/java/type/collection-%E6%8E%A5%E5%8F%A3%E6%8B%93%E6%89%91.png
/MyDocs/language/java/type/collection-%E6%8E%A5%E5%8F%A3%E5%AE%9E%E9%99%85.png
/MyDocs/language/java/type/%E4%B8%8D%E5%8F%AF%E4%BF%AE%E6%94%B9.png
/MyDocs/language/java/type/generic.md
/MyDocs/language/java/type/generic.md
/MyDocs/language/java/type/%E6%B3%9B%E5%9E%8B-%E9%9D%99%E6%80%81%E5%8F%82%E6%95%B0%E9%99%90%E5%AE%9A.png
/MyDocs/language/java/type/%E6%B3%9B%E5%9E%8B-%E5%BC%82%E5%B8%B8%E9%99%90%E5%88%B6.png
/MyDocs/language/java/type/%E6%B3%9B%E5%9E%8B-%E6%95%B0%E7%BB%84%E5%A3%B0%E6%98%8E.jpg
/MyDocs/language/java/type/%E6%B3%9B%E5%9E%8B-%E6%8E%A5%E5%8F%A3%E9%99%90%E5%88%B6.jpg
/MyDocs/language/java/tips.md
/MyDocs/language/java/tips.md
/MyDocs/language/java/tips.md
/MyDocs/language/java/see-sence.png
/MyDocs/language/java/secure.md
/MyDocs/language/java/reflect.md
/MyDocs/language/java/reflect-sample.md
/MyDocs/language/java/secure.md
/MyDocs/language/java/reflect.md
/MyDocs/language/java/reflect-sample.md
/MyDocs/language/java/api.md
/MyDocs/language/java/api.md
/MyDocs/language/java/api1.png
/MyDocs/language/java/api2.png
/MyDocs/language/java/exception.md
/MyDocs/language/java/exception.md
/MyDocs/language/java/api.md
/MyDocs/language/java/api1.png
/MyDocs/language/java/api2.png
/MyDocs/language/java/exception.md
/MyDocs/language/java/exception.md
/MyDocs/language/java/exception1.png
/MyDocs/language/java/exception2.png
/MyDocs/language/java/exception3.png
/MyDocs/language/java/exception4.png
/MyDocs/language/java/exception5-2993140.png
/MyDocs/language/java/exception6-2993120.png
/MyDocs/language/java/exception7.png
/MyDocs/language/java/io.md
/MyDocs/language/java/io-%E7%BB%93%E6%9E%84.png
/MyDocs/language/java/io2.png
/MyDocs/language/java/jar.md
/MyDocs/language/java/jar.md
/MyDocs/language/java/jar.md
/MyDocs/language/java/jar.md
/MyDocs/language/java/jar1.png
/MyDocs/language/java/jar2.png
/MyDocs/language/java/keyword.md
/MyDocs/language/java/debug/debug-index.md
/MyDocs/language/java/multi-thread.md
/MyDocs/language/java/multi-thread.md
/MyDocs/language/java/multi-thread.md
/MyDocs/language/java/multi-thread.md
/MyDocs/language/java/thread1.png
/MyDocs/language/java/thread2.png
/MyDocs/language/java/thread3.png
/MyDocs/language/java/debug/debug-index.md
/MyDocs/language/java/jvm/jvm-index.md
/MyDocs/language/java/jvm/class-load.md
/MyDocs/language/java/jvm/image-20200421201618725.png
/MyDocs/language/java/jni/jni-index.md
/MyDocs/language/java/jni/introduction.md
/MyDocs/language/java/jni/design-overview.md
/MyDocs/language/java/jni/image-20200506100034003.png
/MyDocs/language/java/jni/image-20200506111304455.png
/MyDocs/language/java/jni/JNI-types-and-data-structures.md
/MyDocs/language/java/jni/JNI-functions.md
/MyDocs/language/java/jni/the-invocation-API.md
/MyDocs/language/java/question.md
/MyDocs/language/java/question.md
/MyDocs/OnLine_20190901.md
/MyDocs/android/android-index.md
/MyDocs/android/design/design-index.md
/MyDocs/language/java/java-index.md
/MyDocs/language/java/java-index.md
/MyDocs/language/java/java-index.md
/MyDocs/android/app/app-index.md
/MyDocs/language/c/c-index.md
/MyDocs/language/cpp/cpp-index.md
/MyDocs/OnLine_20190901.md
/MyDocs/android/android-index.md
/MyDocs/android/design/design-index.md
/MyDocs/language/java/java-index.md
/MyDocs/android/app/app-index.md
/MyDocs/language/c/c-index.md
/MyDocs/language/java/jni/jni-index.md
/MyDocs/language/java/jvm/jvm-index.md
/MyDocs/cs/book/understand-the-jvm/understand-the-jvm-index_20200326.md
/MyDocs/cs/book/understand-the-jvm/jvm-struct.md
/MyDocs/cs/book/understand-the-jvm/class-file.md
/MyDocs/cs/book/understand-the-jvm/multi-thread/multi-thread-index.md
/MyDocs/cs/book/understand-the-jvm/multi-thread/memory-model.md
/MyDocs/cs/book/understand-the-jvm/multi-thread/volatile.md
/MyDocs/cs/book/understand-the-jvm/multi-thread/memory-model.md
/MyDocs/cs/book/understand-the-jvm/javap.md
/MyDocs/cs/book/understand-the-jvm/object-header.md
/MyDocs/cs/book/understand-the-jvm/obj.md
/MyDocs/cs/book/understand-the-jvm/history.md
/MyDocs/cs/book/understand-the-jvm/compile-jdk.md
/MyDocs/cs/book/understand-the-jvm/reference-null.md
/MyDocs/OnLine_20190901.md
/MyDocs/android/android-index.md
/MyDocs/language/java/java-index.md
/MyDocs/OnLine_20190901.md
/MyDocs/OnLine_20190901.md
/MyDocs/OnLine_20190901.md
/MyDocs/OnLine_20190901.md
/MyDocs/cs/book/the-linux-kernel/the-linux-kernel-index_20200629.md
/MyDocs/cs/book/design-patterns/design-patterns-index_20200214.md
/MyDocs/cs/book/understand-the-jvm/understand-the-jvm-index_20200326.md
/MyDocs/cs/book/the-linux-kernel/the-linux-kernel-index_20200629.md
/MyDocs/cs/book/Code/code-index_20191004.md
/MyDocs/cs/book/design-patterns/design-patterns-index_20200214.md
/MyDocs/cs/book/the-linux-kernel/the-linux-kernel-index_20200629.md
/MyDocs/cs/book/the-linux-kernel/IPC.md
/MyDocs/cs/language/lisp/lisp-index.md
/MyDocs/cs/language/python/python-index.md
/MyDocs/cs/language/python/python-index.md
/MyDocs/cs/language/general/general-index.md
/MyDocs/cs/language/assemble/assemble-index.md
/MyDocs/cs/language/web/web-index.md
/MyDocs/cs/language/general/general-index.md
/MyDocs/OnLine_20190901.md
/MyDocs/android/android-index.md
/MyDocs/language/c/c-index.md
/MyDocs/language/java/java-index.md
/MyDocs/OnLine_20190901.md
/MyDocs/android/android-index.md
/MyDocs/cs/language/java/java-index.md
/MyDocs/cs/language/java/ddd.png
/MyDocs/cs/language/general/style.md
/MyDocs/blog-category/marked_20200522.md
/MyDocs/blog-category/image-20200522102036914.png
/MyDocs/blog-category/image-20200522111444296.png
/MyDocs/android/android-index.md
/MyDocs/cs/language/c/c-index.md
/MyDocs/cs/language/cpp/cpp-index.md
/MyDocs/cs/language/cpp/dynamic-alloc.md
/MyDocs/cs/language/java/jni/jni-index.md
/MyDocs/cs/language/java/jni/design-overview.md
/MyDocs/cs/language/java/jni/image-20200506100034003.png
/MyDocs/cs/language/java/jni/image-20200506111304455.png
/MyDocs/cs/language/python/python-index.md
/MyDocs/cs/language/web/web-index.md
/MyDocs/cs/book/understand-the-jvm/understand-the-jvm-index_20200326.md
/MyDocs/cs/language/web/web-index.md
/MyDocs/cs/language/kotlin/kotlin-index.md
/MyDocs/cs/language/kotlin/kotlin-index.md
/MyDocs/cs/language/kotlin/kotlin-index.md
/MyDocs/cs/language/kotlin/kotlin-index.md
/MyDocs/cs/language/kotlin/kotlin-index.md
/MyDocs/cs/language/kotlin/kotlin-index.md
/MyDocs/cs/language/kotlin/kotlin-index.md
/MyDocs/cs/language/kotlin/kotlin-index.md
/MyDocs/cs/language/kotlin/kotlin-index.md
/MyDocs/cs/language/kotlin/kotlin-index.md
/MyDocs/cs/language/kotlin/kotlin-index.md
/MyDocs/cs/language/kotlin/kotlin-index.md
/MyDocs/cs/language/kotlin/kotlin-index.md
/MyDocs/cs/language/kotlin/kotlin-index.md
/MyDocs/cs/language/kotlin/kotlin-index.md
/MyDocs/cs/language/kotlin/kotlin-index.md
/MyDocs/cs/language/kotlin/kotlin-index.md
/MyDocs/cs/language/kotlin/kotlin-index.md
/MyDocs/OnLine_20190901.md
/MyDocs/my-story/anecdote/%E7%89%9B%E9%83%8E%E7%BB%87%E5%A5%B3%E7%9A%84%E6%95%85%E4%BA%8B_20160606.md
/MyDocs/my-story/anecdote/%E5%B9%B4%E5%85%BD%E4%BC%A0%E8%AF%B4_20160606.md
/MyDocs/my-story/anecdote/%E5%B9%B3%E8%A1%8C%E7%95%8C_20160606.md
/MyDocs/my-story/anecdote/%E9%A3%9F%E6%A2%A6%E9%AD%87_20160606.md
/MyDocs/my-story/anecdote/%E8%B1%A1%E7%89%99%E5%A4%A7%E9%99%86_20160606.md
/MyDocs/cs/book/android-yskfts/android-yskfts-index_20200107.md
/MyDocs/my-story/cook/%E7%82%B8%E9%B8%A1%E8%85%BF_20180513.md
/MyDocs/my-story/cook/step2.jpg
/MyDocs/my-story/cook/step1.jpg
/MyDocs/my-story/cook/step3.jpg
/MyDocs/my-story/cook/step4.jpg
/MyDocs/my-story/cook/step5.jpg
/MyDocs/my-story/cook/step6.jpg
http://localhost:8080/MyDocs/cs/book/android-yskfts/android-yskfts-index_20200107.md
http://localhost:8080/MyDocs/cs/book/android-yskfts/android-yskfts-index_20200107.md
/MyDocs/my-story/feels/%E5%B8%88%E5%82%85%E9%97%AE%E6%88%91%EF%BC%8C%E8%BF%99%E4%B9%88%E5%A4%A7%E9%9B%AA%E5%9C%A8%E5%A4%96%E9%9D%A2%E7%9C%8B%E5%95%A5%EF%BC%9F_20171225.md
/MyDocs/my-story/cook/%E7%82%B8%E9%B8%A1%E8%85%BF_20180513.md
/MyDocs/my-story/cook/step1.jpg
/MyDocs/my-story/cook/step2.jpg
/MyDocs/my-story/cook/step3.jpg
/MyDocs/my-story/cook/step4.jpg
/MyDocs/my-story/cook/step5.jpg
/MyDocs/my-story/cook/step6.jpg
/MyDocs/my-story/anecdote/%E5%B9%B3%E8%A1%8C%E7%95%8C_20160606.md
/MyDocs/cs/language/interpreter.md
/MyDocs/cs/language/general/general-index.md
/MyDocs/cs/language/python/python-index.md
/MyDocs/cs/book/the-linux-kernel/the-linux-kernel-index_20200629.md
/MyDocs/cs/language/lisp/lisp-index.md
